<?xml version="1.0" encoding="UTF-8"?>
<testsuite xmlns:xsi="http://www.w3.org/2001/XMLSchema-instance" xsi:noNamespaceSchemaLocation="https://maven.apache.org/surefire/maven-surefire-plugin/xsd/surefire-test-report.xsd" name="WikiTests" time="191.695" tests="4" errors="4" skipped="0" failures="0">
  <properties>
    <property name="sun.desktop" value="windows"/>
    <property name="awt.toolkit" value="sun.awt.windows.WToolkit"/>
    <property name="file.encoding.pkg" value="sun.io"/>
    <property name="java.specification.version" value="1.8"/>
    <property name="sun.cpu.isalist" value="amd64"/>
    <property name="sun.jnu.encoding" value="Cp1251"/>
    <property name="java.class.path" value="C:\Users\pc.DESKTOP-DQI1TV8\.m2\repository\org\apache\maven\surefire\surefire-booter\2.22.2\surefire-booter-2.22.2.jar;C:\Users\pc.DESKTOP-DQI1TV8\.m2\repository\org\apache\maven\surefire\surefire-api\2.22.2\surefire-api-2.22.2.jar;C:\Users\pc.DESKTOP-DQI1TV8\.m2\repository\org\apache\maven\surefire\surefire-logger-api\2.22.2\surefire-logger-api-2.22.2.jar;C:\Users\pc.DESKTOP-DQI1TV8\Desktop\JavaAppiumAutomationMavenProject_2\target\test-classes;C:\Users\pc.DESKTOP-DQI1TV8\Desktop\JavaAppiumAutomationMavenProject_2\target\classes;C:\Users\pc.DESKTOP-DQI1TV8\.m2\repository\io\appium\java-client\7.0.0\java-client-7.0.0.jar;C:\Users\pc.DESKTOP-DQI1TV8\.m2\repository\org\seleniumhq\selenium\selenium-java\3.141.59\selenium-java-3.141.59.jar;C:\Users\pc.DESKTOP-DQI1TV8\.m2\repository\org\seleniumhq\selenium\selenium-chrome-driver\3.141.59\selenium-chrome-driver-3.141.59.jar;C:\Users\pc.DESKTOP-DQI1TV8\.m2\repository\org\seleniumhq\selenium\selenium-edge-driver\3.141.59\selenium-edge-driver-3.141.59.jar;C:\Users\pc.DESKTOP-DQI1TV8\.m2\repository\org\seleniumhq\selenium\selenium-firefox-driver\3.141.59\selenium-firefox-driver-3.141.59.jar;C:\Users\pc.DESKTOP-DQI1TV8\.m2\repository\org\seleniumhq\selenium\selenium-ie-driver\3.141.59\selenium-ie-driver-3.141.59.jar;C:\Users\pc.DESKTOP-DQI1TV8\.m2\repository\org\seleniumhq\selenium\selenium-opera-driver\3.141.59\selenium-opera-driver-3.141.59.jar;C:\Users\pc.DESKTOP-DQI1TV8\.m2\repository\org\seleniumhq\selenium\selenium-remote-driver\3.141.59\selenium-remote-driver-3.141.59.jar;C:\Users\pc.DESKTOP-DQI1TV8\.m2\repository\org\seleniumhq\selenium\selenium-safari-driver\3.141.59\selenium-safari-driver-3.141.59.jar;C:\Users\pc.DESKTOP-DQI1TV8\.m2\repository\net\bytebuddy\byte-buddy\1.8.15\byte-buddy-1.8.15.jar;C:\Users\pc.DESKTOP-DQI1TV8\.m2\repository\org\apache\commons\commons-exec\1.3\commons-exec-1.3.jar;C:\Users\pc.DESKTOP-DQI1TV8\.m2\repository\com\google\guava\guava\25.0-jre\guava-25.0-jre.jar;C:\Users\pc.DESKTOP-DQI1TV8\.m2\repository\com\google\code\findbugs\jsr305\1.3.9\jsr305-1.3.9.jar;C:\Users\pc.DESKTOP-DQI1TV8\.m2\repository\org\checkerframework\checker-compat-qual\2.0.0\checker-compat-qual-2.0.0.jar;C:\Users\pc.DESKTOP-DQI1TV8\.m2\repository\com\google\errorprone\error_prone_annotations\2.1.3\error_prone_annotations-2.1.3.jar;C:\Users\pc.DESKTOP-DQI1TV8\.m2\repository\com\google\j2objc\j2objc-annotations\1.1\j2objc-annotations-1.1.jar;C:\Users\pc.DESKTOP-DQI1TV8\.m2\repository\org\codehaus\mojo\animal-sniffer-annotations\1.14\animal-sniffer-annotations-1.14.jar;C:\Users\pc.DESKTOP-DQI1TV8\.m2\repository\com\squareup\okhttp3\okhttp\3.11.0\okhttp-3.11.0.jar;C:\Users\pc.DESKTOP-DQI1TV8\.m2\repository\com\squareup\okio\okio\1.14.0\okio-1.14.0.jar;C:\Users\pc.DESKTOP-DQI1TV8\.m2\repository\org\seleniumhq\selenium\selenium-support\3.141.59\selenium-support-3.141.59.jar;C:\Users\pc.DESKTOP-DQI1TV8\.m2\repository\org\seleniumhq\selenium\selenium-api\3.141.59\selenium-api-3.141.59.jar;C:\Users\pc.DESKTOP-DQI1TV8\.m2\repository\com\google\code\gson\gson\2.8.5\gson-2.8.5.jar;C:\Users\pc.DESKTOP-DQI1TV8\.m2\repository\org\apache\httpcomponents\httpclient\4.5.6\httpclient-4.5.6.jar;C:\Users\pc.DESKTOP-DQI1TV8\.m2\repository\org\apache\httpcomponents\httpcore\4.4.10\httpcore-4.4.10.jar;C:\Users\pc.DESKTOP-DQI1TV8\.m2\repository\commons-logging\commons-logging\1.2\commons-logging-1.2.jar;C:\Users\pc.DESKTOP-DQI1TV8\.m2\repository\commons-codec\commons-codec\1.10\commons-codec-1.10.jar;C:\Users\pc.DESKTOP-DQI1TV8\.m2\repository\cglib\cglib\3.2.8\cglib-3.2.8.jar;C:\Users\pc.DESKTOP-DQI1TV8\.m2\repository\org\ow2\asm\asm\6.2.1\asm-6.2.1.jar;C:\Users\pc.DESKTOP-DQI1TV8\.m2\repository\org\apache\ant\ant\1.10.3\ant-1.10.3.jar;C:\Users\pc.DESKTOP-DQI1TV8\.m2\repository\org\apache\ant\ant-launcher\1.10.3\ant-launcher-1.10.3.jar;C:\Users\pc.DESKTOP-DQI1TV8\.m2\repository\commons-validator\commons-validator\1.6\commons-validator-1.6.jar;C:\Users\pc.DESKTOP-DQI1TV8\.m2\repository\commons-beanutils\commons-beanutils\1.9.2\commons-beanutils-1.9.2.jar;C:\Users\pc.DESKTOP-DQI1TV8\.m2\repository\commons-digester\commons-digester\1.8.1\commons-digester-1.8.1.jar;C:\Users\pc.DESKTOP-DQI1TV8\.m2\repository\commons-collections\commons-collections\3.2.2\commons-collections-3.2.2.jar;C:\Users\pc.DESKTOP-DQI1TV8\.m2\repository\org\apache\commons\commons-lang3\3.8\commons-lang3-3.8.jar;C:\Users\pc.DESKTOP-DQI1TV8\.m2\repository\commons-io\commons-io\2.6\commons-io-2.6.jar;C:\Users\pc.DESKTOP-DQI1TV8\.m2\repository\org\springframework\spring-context\5.1.0.RELEASE\spring-context-5.1.0.RELEASE.jar;C:\Users\pc.DESKTOP-DQI1TV8\.m2\repository\org\springframework\spring-aop\5.1.0.RELEASE\spring-aop-5.1.0.RELEASE.jar;C:\Users\pc.DESKTOP-DQI1TV8\.m2\repository\org\springframework\spring-beans\5.1.0.RELEASE\spring-beans-5.1.0.RELEASE.jar;C:\Users\pc.DESKTOP-DQI1TV8\.m2\repository\org\springframework\spring-core\5.1.0.RELEASE\spring-core-5.1.0.RELEASE.jar;C:\Users\pc.DESKTOP-DQI1TV8\.m2\repository\org\springframework\spring-jcl\5.1.0.RELEASE\spring-jcl-5.1.0.RELEASE.jar;C:\Users\pc.DESKTOP-DQI1TV8\.m2\repository\org\springframework\spring-expression\5.1.0.RELEASE\spring-expression-5.1.0.RELEASE.jar;C:\Users\pc.DESKTOP-DQI1TV8\.m2\repository\org\aspectj\aspectjweaver\1.9.1\aspectjweaver-1.9.1.jar;C:\Users\pc.DESKTOP-DQI1TV8\.m2\repository\org\slf4j\slf4j-api\1.7.25\slf4j-api-1.7.25.jar;C:\Users\pc.DESKTOP-DQI1TV8\.m2\repository\io\qameta\allure\allure-junit4\2.13.1\allure-junit4-2.13.1.jar;C:\Users\pc.DESKTOP-DQI1TV8\.m2\repository\io\qameta\allure\allure-java-commons\2.13.1\allure-java-commons-2.13.1.jar;C:\Users\pc.DESKTOP-DQI1TV8\.m2\repository\io\qameta\allure\allure-model\2.13.1\allure-model-2.13.1.jar;C:\Users\pc.DESKTOP-DQI1TV8\.m2\repository\com\fasterxml\jackson\core\jackson-databind\2.9.8\jackson-databind-2.9.8.jar;C:\Users\pc.DESKTOP-DQI1TV8\.m2\repository\com\fasterxml\jackson\core\jackson-annotations\2.9.0\jackson-annotations-2.9.0.jar;C:\Users\pc.DESKTOP-DQI1TV8\.m2\repository\com\fasterxml\jackson\core\jackson-core\2.9.8\jackson-core-2.9.8.jar;C:\Users\pc.DESKTOP-DQI1TV8\.m2\repository\org\apache\tika\tika-core\1.20\tika-core-1.20.jar;C:\Users\pc.DESKTOP-DQI1TV8\.m2\repository\org\jooq\joor-java-8\0.9.10\joor-java-8-0.9.10.jar;C:\Users\pc.DESKTOP-DQI1TV8\.m2\repository\io\github\bonigarcia\webdrivermanager\1.4.9\webdrivermanager-1.4.9.jar;C:\Users\pc.DESKTOP-DQI1TV8\.m2\repository\com\typesafe\config\1.2.1\config-1.2.1.jar;C:\Users\pc.DESKTOP-DQI1TV8\.m2\repository\org\rauschig\jarchivelib\0.7.1\jarchivelib-0.7.1.jar;C:\Users\pc.DESKTOP-DQI1TV8\.m2\repository\org\apache\commons\commons-compress\1.9\commons-compress-1.9.jar;C:\Users\pc.DESKTOP-DQI1TV8\.m2\repository\org\jsoup\jsoup\1.9.2\jsoup-1.9.2.jar;C:\Users\pc.DESKTOP-DQI1TV8\.m2\repository\org\seleniumhq\selenium\htmlunit-driver\2.20\htmlunit-driver-2.20.jar;C:\Users\pc.DESKTOP-DQI1TV8\.m2\repository\net\sourceforge\htmlunit\htmlunit\2.20\htmlunit-2.20.jar;C:\Users\pc.DESKTOP-DQI1TV8\.m2\repository\xalan\xalan\2.7.2\xalan-2.7.2.jar;C:\Users\pc.DESKTOP-DQI1TV8\.m2\repository\xalan\serializer\2.7.2\serializer-2.7.2.jar;C:\Users\pc.DESKTOP-DQI1TV8\.m2\repository\org\apache\httpcomponents\httpmime\4.5.2\httpmime-4.5.2.jar;C:\Users\pc.DESKTOP-DQI1TV8\.m2\repository\net\sourceforge\htmlunit\htmlunit-core-js\2.17\htmlunit-core-js-2.17.jar;C:\Users\pc.DESKTOP-DQI1TV8\.m2\repository\xerces\xercesImpl\2.11.0\xercesImpl-2.11.0.jar;C:\Users\pc.DESKTOP-DQI1TV8\.m2\repository\xml-apis\xml-apis\1.4.01\xml-apis-1.4.01.jar;C:\Users\pc.DESKTOP-DQI1TV8\.m2\repository\net\sourceforge\nekohtml\nekohtml\1.9.22\nekohtml-1.9.22.jar;C:\Users\pc.DESKTOP-DQI1TV8\.m2\repository\net\sourceforge\cssparser\cssparser\0.9.18\cssparser-0.9.18.jar;C:\Users\pc.DESKTOP-DQI1TV8\.m2\repository\org\w3c\css\sac\1.3\sac-1.3.jar;C:\Users\pc.DESKTOP-DQI1TV8\.m2\repository\org\eclipse\jetty\websocket\websocket-client\9.2.15.v20160210\websocket-client-9.2.15.v20160210.jar;C:\Users\pc.DESKTOP-DQI1TV8\.m2\repository\org\eclipse\jetty\jetty-util\9.2.15.v20160210\jetty-util-9.2.15.v20160210.jar;C:\Users\pc.DESKTOP-DQI1TV8\.m2\repository\org\eclipse\jetty\jetty-io\9.2.15.v20160210\jetty-io-9.2.15.v20160210.jar;C:\Users\pc.DESKTOP-DQI1TV8\.m2\repository\org\eclipse\jetty\websocket\websocket-common\9.2.15.v20160210\websocket-common-9.2.15.v20160210.jar;C:\Users\pc.DESKTOP-DQI1TV8\.m2\repository\org\eclipse\jetty\websocket\websocket-api\9.2.15.v20160210\websocket-api-9.2.15.v20160210.jar;C:\Users\pc.DESKTOP-DQI1TV8\.m2\repository\com\codeborne\phantomjsdriver\1.2.1\phantomjsdriver-1.2.1.jar;C:\Users\pc.DESKTOP-DQI1TV8\.m2\repository\org\slf4j\slf4j-simple\1.7.30\slf4j-simple-1.7.30.jar;C:\Users\pc.DESKTOP-DQI1TV8\.m2\repository\com\tngtech\java\junit-dataprovider\1.13.1\junit-dataprovider-1.13.1.jar;C:\Users\pc.DESKTOP-DQI1TV8\.m2\repository\junit\junit\4.12\junit-4.12.jar;C:\Users\pc.DESKTOP-DQI1TV8\.m2\repository\org\hamcrest\hamcrest-core\1.3\hamcrest-core-1.3.jar;C:\Users\pc.DESKTOP-DQI1TV8\.m2\repository\org\apache\maven\surefire\surefire-junit4\2.22.2\surefire-junit4-2.22.2.jar;C:\Users\pc.DESKTOP-DQI1TV8\.m2\repository/org/aspectj/aspectjweaver/1.9.4/aspectjweaver-1.9.4.jar"/>
    <property name="java.vm.vendor" value="Oracle Corporation"/>
    <property name="sun.arch.data.model" value="64"/>
    <property name="user.variant" value=""/>
    <property name="java.vendor.url" value="http://java.oracle.com/"/>
    <property name="user.timezone" value="Europe/Moscow"/>
    <property name="java.vm.specification.version" value="1.8"/>
    <property name="os.name" value="Windows 10"/>
    <property name="user.country" value="RU"/>
    <property name="sun.java.launcher" value="SUN_STANDARD"/>
    <property name="sun.boot.library.path" value="C:\Program Files\Java\jdk1.8.0_231\jre\bin"/>
    <property name="sun.java.command" value="org.apache.maven.surefire.booter.ForkedBooter C:\Users\pc.DESKTOP-DQI1TV8\AppData\Local\Temp\surefire1612723051434749786 2020-05-20T18-30-51_431-jvmRun1 surefire7203092237182535121tmp surefire_07263422389456858859tmp"/>
    <property name="surefire.test.class.path" value="C:\Users\pc.DESKTOP-DQI1TV8\Desktop\JavaAppiumAutomationMavenProject_2\target\test-classes;C:\Users\pc.DESKTOP-DQI1TV8\Desktop\JavaAppiumAutomationMavenProject_2\target\classes;C:\Users\pc.DESKTOP-DQI1TV8\.m2\repository\io\appium\java-client\7.0.0\java-client-7.0.0.jar;C:\Users\pc.DESKTOP-DQI1TV8\.m2\repository\org\seleniumhq\selenium\selenium-java\3.141.59\selenium-java-3.141.59.jar;C:\Users\pc.DESKTOP-DQI1TV8\.m2\repository\org\seleniumhq\selenium\selenium-chrome-driver\3.141.59\selenium-chrome-driver-3.141.59.jar;C:\Users\pc.DESKTOP-DQI1TV8\.m2\repository\org\seleniumhq\selenium\selenium-edge-driver\3.141.59\selenium-edge-driver-3.141.59.jar;C:\Users\pc.DESKTOP-DQI1TV8\.m2\repository\org\seleniumhq\selenium\selenium-firefox-driver\3.141.59\selenium-firefox-driver-3.141.59.jar;C:\Users\pc.DESKTOP-DQI1TV8\.m2\repository\org\seleniumhq\selenium\selenium-ie-driver\3.141.59\selenium-ie-driver-3.141.59.jar;C:\Users\pc.DESKTOP-DQI1TV8\.m2\repository\org\seleniumhq\selenium\selenium-opera-driver\3.141.59\selenium-opera-driver-3.141.59.jar;C:\Users\pc.DESKTOP-DQI1TV8\.m2\repository\org\seleniumhq\selenium\selenium-remote-driver\3.141.59\selenium-remote-driver-3.141.59.jar;C:\Users\pc.DESKTOP-DQI1TV8\.m2\repository\org\seleniumhq\selenium\selenium-safari-driver\3.141.59\selenium-safari-driver-3.141.59.jar;C:\Users\pc.DESKTOP-DQI1TV8\.m2\repository\net\bytebuddy\byte-buddy\1.8.15\byte-buddy-1.8.15.jar;C:\Users\pc.DESKTOP-DQI1TV8\.m2\repository\org\apache\commons\commons-exec\1.3\commons-exec-1.3.jar;C:\Users\pc.DESKTOP-DQI1TV8\.m2\repository\com\google\guava\guava\25.0-jre\guava-25.0-jre.jar;C:\Users\pc.DESKTOP-DQI1TV8\.m2\repository\com\google\code\findbugs\jsr305\1.3.9\jsr305-1.3.9.jar;C:\Users\pc.DESKTOP-DQI1TV8\.m2\repository\org\checkerframework\checker-compat-qual\2.0.0\checker-compat-qual-2.0.0.jar;C:\Users\pc.DESKTOP-DQI1TV8\.m2\repository\com\google\errorprone\error_prone_annotations\2.1.3\error_prone_annotations-2.1.3.jar;C:\Users\pc.DESKTOP-DQI1TV8\.m2\repository\com\google\j2objc\j2objc-annotations\1.1\j2objc-annotations-1.1.jar;C:\Users\pc.DESKTOP-DQI1TV8\.m2\repository\org\codehaus\mojo\animal-sniffer-annotations\1.14\animal-sniffer-annotations-1.14.jar;C:\Users\pc.DESKTOP-DQI1TV8\.m2\repository\com\squareup\okhttp3\okhttp\3.11.0\okhttp-3.11.0.jar;C:\Users\pc.DESKTOP-DQI1TV8\.m2\repository\com\squareup\okio\okio\1.14.0\okio-1.14.0.jar;C:\Users\pc.DESKTOP-DQI1TV8\.m2\repository\org\seleniumhq\selenium\selenium-support\3.141.59\selenium-support-3.141.59.jar;C:\Users\pc.DESKTOP-DQI1TV8\.m2\repository\org\seleniumhq\selenium\selenium-api\3.141.59\selenium-api-3.141.59.jar;C:\Users\pc.DESKTOP-DQI1TV8\.m2\repository\com\google\code\gson\gson\2.8.5\gson-2.8.5.jar;C:\Users\pc.DESKTOP-DQI1TV8\.m2\repository\org\apache\httpcomponents\httpclient\4.5.6\httpclient-4.5.6.jar;C:\Users\pc.DESKTOP-DQI1TV8\.m2\repository\org\apache\httpcomponents\httpcore\4.4.10\httpcore-4.4.10.jar;C:\Users\pc.DESKTOP-DQI1TV8\.m2\repository\commons-logging\commons-logging\1.2\commons-logging-1.2.jar;C:\Users\pc.DESKTOP-DQI1TV8\.m2\repository\commons-codec\commons-codec\1.10\commons-codec-1.10.jar;C:\Users\pc.DESKTOP-DQI1TV8\.m2\repository\cglib\cglib\3.2.8\cglib-3.2.8.jar;C:\Users\pc.DESKTOP-DQI1TV8\.m2\repository\org\ow2\asm\asm\6.2.1\asm-6.2.1.jar;C:\Users\pc.DESKTOP-DQI1TV8\.m2\repository\org\apache\ant\ant\1.10.3\ant-1.10.3.jar;C:\Users\pc.DESKTOP-DQI1TV8\.m2\repository\org\apache\ant\ant-launcher\1.10.3\ant-launcher-1.10.3.jar;C:\Users\pc.DESKTOP-DQI1TV8\.m2\repository\commons-validator\commons-validator\1.6\commons-validator-1.6.jar;C:\Users\pc.DESKTOP-DQI1TV8\.m2\repository\commons-beanutils\commons-beanutils\1.9.2\commons-beanutils-1.9.2.jar;C:\Users\pc.DESKTOP-DQI1TV8\.m2\repository\commons-digester\commons-digester\1.8.1\commons-digester-1.8.1.jar;C:\Users\pc.DESKTOP-DQI1TV8\.m2\repository\commons-collections\commons-collections\3.2.2\commons-collections-3.2.2.jar;C:\Users\pc.DESKTOP-DQI1TV8\.m2\repository\org\apache\commons\commons-lang3\3.8\commons-lang3-3.8.jar;C:\Users\pc.DESKTOP-DQI1TV8\.m2\repository\commons-io\commons-io\2.6\commons-io-2.6.jar;C:\Users\pc.DESKTOP-DQI1TV8\.m2\repository\org\springframework\spring-context\5.1.0.RELEASE\spring-context-5.1.0.RELEASE.jar;C:\Users\pc.DESKTOP-DQI1TV8\.m2\repository\org\springframework\spring-aop\5.1.0.RELEASE\spring-aop-5.1.0.RELEASE.jar;C:\Users\pc.DESKTOP-DQI1TV8\.m2\repository\org\springframework\spring-beans\5.1.0.RELEASE\spring-beans-5.1.0.RELEASE.jar;C:\Users\pc.DESKTOP-DQI1TV8\.m2\repository\org\springframework\spring-core\5.1.0.RELEASE\spring-core-5.1.0.RELEASE.jar;C:\Users\pc.DESKTOP-DQI1TV8\.m2\repository\org\springframework\spring-jcl\5.1.0.RELEASE\spring-jcl-5.1.0.RELEASE.jar;C:\Users\pc.DESKTOP-DQI1TV8\.m2\repository\org\springframework\spring-expression\5.1.0.RELEASE\spring-expression-5.1.0.RELEASE.jar;C:\Users\pc.DESKTOP-DQI1TV8\.m2\repository\org\aspectj\aspectjweaver\1.9.1\aspectjweaver-1.9.1.jar;C:\Users\pc.DESKTOP-DQI1TV8\.m2\repository\org\slf4j\slf4j-api\1.7.25\slf4j-api-1.7.25.jar;C:\Users\pc.DESKTOP-DQI1TV8\.m2\repository\io\qameta\allure\allure-junit4\2.13.1\allure-junit4-2.13.1.jar;C:\Users\pc.DESKTOP-DQI1TV8\.m2\repository\io\qameta\allure\allure-java-commons\2.13.1\allure-java-commons-2.13.1.jar;C:\Users\pc.DESKTOP-DQI1TV8\.m2\repository\io\qameta\allure\allure-model\2.13.1\allure-model-2.13.1.jar;C:\Users\pc.DESKTOP-DQI1TV8\.m2\repository\com\fasterxml\jackson\core\jackson-databind\2.9.8\jackson-databind-2.9.8.jar;C:\Users\pc.DESKTOP-DQI1TV8\.m2\repository\com\fasterxml\jackson\core\jackson-annotations\2.9.0\jackson-annotations-2.9.0.jar;C:\Users\pc.DESKTOP-DQI1TV8\.m2\repository\com\fasterxml\jackson\core\jackson-core\2.9.8\jackson-core-2.9.8.jar;C:\Users\pc.DESKTOP-DQI1TV8\.m2\repository\org\apache\tika\tika-core\1.20\tika-core-1.20.jar;C:\Users\pc.DESKTOP-DQI1TV8\.m2\repository\org\jooq\joor-java-8\0.9.10\joor-java-8-0.9.10.jar;C:\Users\pc.DESKTOP-DQI1TV8\.m2\repository\io\github\bonigarcia\webdrivermanager\1.4.9\webdrivermanager-1.4.9.jar;C:\Users\pc.DESKTOP-DQI1TV8\.m2\repository\com\typesafe\config\1.2.1\config-1.2.1.jar;C:\Users\pc.DESKTOP-DQI1TV8\.m2\repository\org\rauschig\jarchivelib\0.7.1\jarchivelib-0.7.1.jar;C:\Users\pc.DESKTOP-DQI1TV8\.m2\repository\org\apache\commons\commons-compress\1.9\commons-compress-1.9.jar;C:\Users\pc.DESKTOP-DQI1TV8\.m2\repository\org\jsoup\jsoup\1.9.2\jsoup-1.9.2.jar;C:\Users\pc.DESKTOP-DQI1TV8\.m2\repository\org\seleniumhq\selenium\htmlunit-driver\2.20\htmlunit-driver-2.20.jar;C:\Users\pc.DESKTOP-DQI1TV8\.m2\repository\net\sourceforge\htmlunit\htmlunit\2.20\htmlunit-2.20.jar;C:\Users\pc.DESKTOP-DQI1TV8\.m2\repository\xalan\xalan\2.7.2\xalan-2.7.2.jar;C:\Users\pc.DESKTOP-DQI1TV8\.m2\repository\xalan\serializer\2.7.2\serializer-2.7.2.jar;C:\Users\pc.DESKTOP-DQI1TV8\.m2\repository\org\apache\httpcomponents\httpmime\4.5.2\httpmime-4.5.2.jar;C:\Users\pc.DESKTOP-DQI1TV8\.m2\repository\net\sourceforge\htmlunit\htmlunit-core-js\2.17\htmlunit-core-js-2.17.jar;C:\Users\pc.DESKTOP-DQI1TV8\.m2\repository\xerces\xercesImpl\2.11.0\xercesImpl-2.11.0.jar;C:\Users\pc.DESKTOP-DQI1TV8\.m2\repository\xml-apis\xml-apis\1.4.01\xml-apis-1.4.01.jar;C:\Users\pc.DESKTOP-DQI1TV8\.m2\repository\net\sourceforge\nekohtml\nekohtml\1.9.22\nekohtml-1.9.22.jar;C:\Users\pc.DESKTOP-DQI1TV8\.m2\repository\net\sourceforge\cssparser\cssparser\0.9.18\cssparser-0.9.18.jar;C:\Users\pc.DESKTOP-DQI1TV8\.m2\repository\org\w3c\css\sac\1.3\sac-1.3.jar;C:\Users\pc.DESKTOP-DQI1TV8\.m2\repository\org\eclipse\jetty\websocket\websocket-client\9.2.15.v20160210\websocket-client-9.2.15.v20160210.jar;C:\Users\pc.DESKTOP-DQI1TV8\.m2\repository\org\eclipse\jetty\jetty-util\9.2.15.v20160210\jetty-util-9.2.15.v20160210.jar;C:\Users\pc.DESKTOP-DQI1TV8\.m2\repository\org\eclipse\jetty\jetty-io\9.2.15.v20160210\jetty-io-9.2.15.v20160210.jar;C:\Users\pc.DESKTOP-DQI1TV8\.m2\repository\org\eclipse\jetty\websocket\websocket-common\9.2.15.v20160210\websocket-common-9.2.15.v20160210.jar;C:\Users\pc.DESKTOP-DQI1TV8\.m2\repository\org\eclipse\jetty\websocket\websocket-api\9.2.15.v20160210\websocket-api-9.2.15.v20160210.jar;C:\Users\pc.DESKTOP-DQI1TV8\.m2\repository\com\codeborne\phantomjsdriver\1.2.1\phantomjsdriver-1.2.1.jar;C:\Users\pc.DESKTOP-DQI1TV8\.m2\repository\org\slf4j\slf4j-simple\1.7.30\slf4j-simple-1.7.30.jar;C:\Users\pc.DESKTOP-DQI1TV8\.m2\repository\com\tngtech\java\junit-dataprovider\1.13.1\junit-dataprovider-1.13.1.jar;C:\Users\pc.DESKTOP-DQI1TV8\.m2\repository\junit\junit\4.12\junit-4.12.jar;C:\Users\pc.DESKTOP-DQI1TV8\.m2\repository\org\hamcrest\hamcrest-core\1.3\hamcrest-core-1.3.jar;"/>
    <property name="sun.cpu.endian" value="little"/>
    <property name="allure.results.directory" value="C:\Users\pc.DESKTOP-DQI1TV8\Desktop\JavaAppiumAutomationMavenProject_2\target/allure-results"/>
    <property name="user.home" value="C:\Users\pc.DESKTOP-DQI1TV8"/>
    <property name="user.language" value="ru"/>
    <property name="java.specification.vendor" value="Oracle Corporation"/>
    <property name="java.home" value="C:\Program Files\Java\jdk1.8.0_231\jre"/>
    <property name="basedir" value="C:\Users\pc.DESKTOP-DQI1TV8\Desktop\JavaAppiumAutomationMavenProject_2"/>
    <property name="file.separator" value="\"/>
    <property name="line.separator" value="&#10;"/>
    <property name="java.vm.specification.vendor" value="Oracle Corporation"/>
    <property name="java.specification.name" value="Java Platform API Specification"/>
    <property name="java.awt.graphicsenv" value="sun.awt.Win32GraphicsEnvironment"/>
    <property name="sun.boot.class.path" value="C:\Program Files\Java\jdk1.8.0_231\jre\lib\resources.jar;C:\Program Files\Java\jdk1.8.0_231\jre\lib\rt.jar;C:\Program Files\Java\jdk1.8.0_231\jre\lib\sunrsasign.jar;C:\Program Files\Java\jdk1.8.0_231\jre\lib\jsse.jar;C:\Program Files\Java\jdk1.8.0_231\jre\lib\jce.jar;C:\Program Files\Java\jdk1.8.0_231\jre\lib\charsets.jar;C:\Program Files\Java\jdk1.8.0_231\jre\lib\jfr.jar;C:\Program Files\Java\jdk1.8.0_231\jre\classes"/>
    <property name="user.script" value=""/>
    <property name="sun.management.compiler" value="HotSpot 64-Bit Tiered Compilers"/>
    <property name="java.runtime.version" value="1.8.0_231-b11"/>
    <property name="user.name" value="pc"/>
    <property name="path.separator" value=";"/>
    <property name="os.version" value="10.0"/>
    <property name="java.endorsed.dirs" value="C:\Program Files\Java\jdk1.8.0_231\jre\lib\endorsed"/>
    <property name="java.runtime.name" value="Java(TM) SE Runtime Environment"/>
    <property name="file.encoding" value="Cp1251"/>
    <property name="java.vm.name" value="Java HotSpot(TM) 64-Bit Server VM"/>
    <property name="idea.version2020.1" value="true"/>
    <property name="localRepository" value="C:\Users\pc.DESKTOP-DQI1TV8\.m2\repository"/>
    <property name="java.vendor.url.bug" value="http://bugreport.sun.com/bugreport/"/>
    <property name="java.io.tmpdir" value="C:\Users\PC6B99~1.DES\AppData\Local\Temp\"/>
    <property name="java.version" value="1.8.0_231"/>
    <property name="user.dir" value="C:\Users\pc.DESKTOP-DQI1TV8\Desktop\JavaAppiumAutomationMavenProject_2"/>
    <property name="os.arch" value="amd64"/>
    <property name="java.vm.specification.name" value="Java Virtual Machine Specification"/>
    <property name="java.awt.printerjob" value="sun.awt.windows.WPrinterJob"/>
    <property name="sun.os.patch.level" value=""/>
    <property name="java.library.path" value="C:\Program Files\Java\jdk1.8.0_231\jre\bin;C:\WINDOWS\Sun\Java\bin;C:\WINDOWS\system32;C:\WINDOWS;C:\Python27\;C:\Python27\Scripts;C:\Program Files (x86)\Common Files\Oracle\Java\javapath;C:\WINDOWS\system32;C:\WINDOWS;C:\WINDOWS\System32\Wbem;C:\WINDOWS\System32\WindowsPowerShell\v1.0\;C:\WINDOWS\System32\OpenSSH\;C:\Program Files\Intel\WiFi\bin\;C:\Program Files\Common Files\Intel\WirelessCommon\;C:\Program Files\Java\jdk1.8.0_231\bin;C:\apache-maven-3.6.3\bin;C:\gradle-6.0.1\bin;C:\webdriver\;C:\Program Files (x86)\Sennheiser\SoftphoneSDK\;C:\ProgramData\chocolatey\bin;C:\Users\pc.DESKTOP-DQI1TV8\AppData\Local\Android\Sdk\emulator;C:\Users\pc.DESKTOP-DQI1TV8\AppData\Local\Android\Sdk\platform-tools;C:\Users\pc.DESKTOP-DQI1TV8\AppData\Local\Android\Sdk\tools;C:\Users\pc.DESKTOP-DQI1TV8\AppData\Local\Android\Sdk\tools\bin;C:\Users\pc.DESKTOP-DQI1TV8\AppData\Local\Android\Sdk\platform-tools;C:\Users\pc.DESKTOP-DQI1TV8\AppData\Local\Android\Sdk;C:\Users\pc.DESKTOP-DQI1TV8\AppData\Local\Android\Sdk\build-tools\29.0.2;C:\Users\pc.DESKTOP-DQI1TV8\AppData\Local\Android\Sdk\tools;C:\allure-2.9.0\bin;C:\Program Files\Git\cmd;C:\webdriver\chromedriver.exe;C:\geckodriver;C:\Program Files\nodejs\;C:\Program Files\Microsoft SQL Server\110\Tools\Binn\;C:\Ruby25-x64\bin;C:\Program Files (x86)\Common Files\Oracle\Java\javapath;C:\WINDOWS\system32;C:\WINDOWS;C:\WINDOWS\System32\Wbem;C:\WINDOWS\System32\WindowsPowerShell\v1.0\;C:\WINDOWS\System32\OpenSSH\;C:\Program Files\Intel\WiFi\bin\;C:\Program Files\Common Files\Intel\WirelessCommon\;C:\Program Files\Java\jdk1.8.0_231\bin;C:\apache-maven-3.6.3\bin;C:\gradle-6.0.1\bin;C:\Users\pc.DESKTOP-DQI1TV8\AppData\Local\Microsoft\WindowsApps;C:\webdriver\;C:\Users\pc.DESKTOP-DQI1TV8\AppData\Local\GitHubDesktop\bin;C:\Program Files\JetBrains\PyCharm Community Edition 2019.3.1\bin;;C:\webdriver;C:\Users\pc.DESKTOP-DQI1TV8\AppData\Roaming\npm;C:\Users\pc.DESKTOP-DQI1TV8\AppData\Local\Programs\Microsoft VS Code\bin;C:\Program Files\JetBrains\RubyMine 2020.1.1\bin;;."/>
    <property name="java.vm.info" value="mixed mode"/>
    <property name="java.vendor" value="Oracle Corporation"/>
    <property name="java.vm.version" value="25.231-b11"/>
    <property name="java.ext.dirs" value="C:\Program Files\Java\jdk1.8.0_231\jre\lib\ext;C:\WINDOWS\Sun\Java\lib\ext"/>
    <property name="sun.io.unicode.encoding" value="UnicodeLittle"/>
    <property name="java.class.version" value="52.0"/>
  </properties>
  <testcase name="testSearchJava" classname="WikiTests" time="32.293">
    <error message="Expected condition failed: Can not present element&#10; (tried for 5 second(s) with 500 milliseconds interval)" type="org.openqa.selenium.TimeoutException">org.openqa.selenium.TimeoutException: 
Expected condition failed: Can not present element
 (tried for 5 second(s) with 500 milliseconds interval)
	at WikiTests.testSearchJava(WikiTests.java:13)
Caused by: org.openqa.selenium.NoSuchElementException: 
An element could not be located on the page using the given search parameters.
For documentation on this error, please visit: https://www.seleniumhq.org/exceptions/no_such_element.html
Build info: version: '3.141.59', revision: 'e82be7d358', time: '2018-11-14T08:17:03'
System info: host: 'DESKTOP-DQI1TV8', ip: '10.0.97.109', os.name: 'Windows 10', os.arch: 'amd64', os.version: '10.0', java.version: '1.8.0_231'
Driver info: io.appium.java_client.android.AndroidDriver
Capabilities {app: C:\Users\pc.DESKTOP-DQI1TV8..., appActivity: .main.MainActivity, appPackage: org.wikipedia, automationName: Appium, databaseEnabled: false, desired: {app: C:\Users\pc.DESKTOP-DQI1TV8..., appActivity: .main.MainActivity, appPackage: org.wikipedia, automationName: Appium, deviceName: AndroidTestDevice, platformName: android, platformVersion: 6.0}, deviceApiLevel: 23, deviceManufacturer: Genymotion, deviceModel: Google, deviceName: 192.168.78.101:5555, deviceScreenDensity: 560, deviceScreenSize: 1440x2560, deviceUDID: 192.168.78.101:5555, javascriptEnabled: true, locationContextEnabled: false, networkConnectionEnabled: true, pixelRatio: 3.5, platform: LINUX, platformName: Android, platformVersion: 6.0, statBarHeight: 84, takesScreenshot: true, viewportRect: {height: 2308, left: 0, top: 84, width: 1440}, warnings: {}, webStorageEnabled: false}
Session ID: afe7f9ef-a142-45ad-8caf-7f9a3fcac4bf
*** Element info: {Using=xpath, value=//*[contains(@text,'Search')]}
	at WikiTests.testSearchJava(WikiTests.java:13)
</error>
    <system-err><![CDATA[мая 20, 2020 6:31:16 PM io.appium.java_client.remote.AppiumCommandExecutor$1 lambda$0
INFO: Detected dialect: W3C
]]></system-err>
  </testcase>
  <testcase name="testCancelSearch" classname="WikiTests" time="63.372">
    <error message="An unknown server-side error occurred while processing the command. Original error: Timed out after 10000 milliseconds waiting for root AccessibilityNodeInfo&#10;Build info: version: &apos;3.141.59&apos;, revision: &apos;e82be7d358&apos;, time: &apos;2018-11-14T08:17:03&apos;&#10;System info: host: &apos;DESKTOP-DQI1TV8&apos;, ip: &apos;10.0.97.109&apos;, os.name: &apos;Windows 10&apos;, os.arch: &apos;amd64&apos;, os.version: &apos;10.0&apos;, java.version: &apos;1.8.0_231&apos;&#10;Driver info: io.appium.java_client.android.AndroidDriver&#10;Capabilities {app: C:\Users\pc.DESKTOP-DQI1TV8..., appActivity: .main.MainActivity, appPackage: org.wikipedia, automationName: Appium, databaseEnabled: false, desired: {app: C:\Users\pc.DESKTOP-DQI1TV8..., appActivity: .main.MainActivity, appPackage: org.wikipedia, automationName: Appium, deviceName: AndroidTestDevice, platformName: android, platformVersion: 6.0}, deviceApiLevel: 23, deviceManufacturer: Genymotion, deviceModel: Google, deviceName: 192.168.78.101:5555, deviceScreenDensity: 560, deviceScreenSize: 1440x2560, deviceUDID: 192.168.78.101:5555, javascriptEnabled: true, locationContextEnabled: false, networkConnectionEnabled: true, pixelRatio: 3.5, platform: LINUX, platformName: Android, platformVersion: 6.0, statBarHeight: 84, takesScreenshot: true, viewportRect: {height: 2308, left: 0, top: 84, width: 1440}, warnings: {}, webStorageEnabled: false}&#10;Session ID: 695d579e-e2e0-47bf-b53e-29fb8ef12358&#10;*** Element info: {Using=id, value=fragment_onboarding_skip_button}" type="org.openqa.selenium.WebDriverException">org.openqa.selenium.WebDriverException: 
An unknown server-side error occurred while processing the command. Original error: Timed out after 10000 milliseconds waiting for root AccessibilityNodeInfo
Build info: version: '3.141.59', revision: 'e82be7d358', time: '2018-11-14T08:17:03'
System info: host: 'DESKTOP-DQI1TV8', ip: '10.0.97.109', os.name: 'Windows 10', os.arch: 'amd64', os.version: '10.0', java.version: '1.8.0_231'
Driver info: io.appium.java_client.android.AndroidDriver
Capabilities {app: C:\Users\pc.DESKTOP-DQI1TV8..., appActivity: .main.MainActivity, appPackage: org.wikipedia, automationName: Appium, databaseEnabled: false, desired: {app: C:\Users\pc.DESKTOP-DQI1TV8..., appActivity: .main.MainActivity, appPackage: org.wikipedia, automationName: Appium, deviceName: AndroidTestDevice, platformName: android, platformVersion: 6.0}, deviceApiLevel: 23, deviceManufacturer: Genymotion, deviceModel: Google, deviceName: 192.168.78.101:5555, deviceScreenDensity: 560, deviceScreenSize: 1440x2560, deviceUDID: 192.168.78.101:5555, javascriptEnabled: true, locationContextEnabled: false, networkConnectionEnabled: true, pixelRatio: 3.5, platform: LINUX, platformName: Android, platformVersion: 6.0, statBarHeight: 84, takesScreenshot: true, viewportRect: {height: 2308, left: 0, top: 84, width: 1440}, warnings: {}, webStorageEnabled: false}
Session ID: 695d579e-e2e0-47bf-b53e-29fb8ef12358
*** Element info: {Using=id, value=fragment_onboarding_skip_button}
	at WikiTests.testCancelSearch(WikiTests.java:22)
</error>
    <system-err><![CDATA[мая 20, 2020 6:31:52 PM io.appium.java_client.remote.AppiumCommandExecutor$1 lambda$0
INFO: Detected dialect: W3C
]]></system-err>
  </testcase>
  <testcase name="testCompareArticleTitle" classname="WikiTests" time="48.332">
    <error message="Expected condition failed: Can not find and click skip element&#10; (tried for 20 second(s) with 500 milliseconds interval)" type="org.openqa.selenium.TimeoutException">org.openqa.selenium.TimeoutException: 
Expected condition failed: Can not find and click skip element
 (tried for 20 second(s) with 500 milliseconds interval)
	at WikiTests.testCompareArticleTitle(WikiTests.java:34)
Caused by: org.openqa.selenium.NoSuchElementException: 
An element could not be located on the page using the given search parameters.
For documentation on this error, please visit: https://www.seleniumhq.org/exceptions/no_such_element.html
Build info: version: '3.141.59', revision: 'e82be7d358', time: '2018-11-14T08:17:03'
System info: host: 'DESKTOP-DQI1TV8', ip: '10.0.97.109', os.name: 'Windows 10', os.arch: 'amd64', os.version: '10.0', java.version: '1.8.0_231'
Driver info: io.appium.java_client.android.AndroidDriver
Capabilities {app: C:\Users\pc.DESKTOP-DQI1TV8..., appActivity: .main.MainActivity, appPackage: org.wikipedia, automationName: Appium, databaseEnabled: false, desired: {app: C:\Users\pc.DESKTOP-DQI1TV8..., appActivity: .main.MainActivity, appPackage: org.wikipedia, automationName: Appium, deviceName: AndroidTestDevice, platformName: android, platformVersion: 6.0}, deviceApiLevel: 23, deviceManufacturer: Genymotion, deviceModel: Google, deviceName: 192.168.78.101:5555, deviceScreenDensity: 560, deviceScreenSize: 1440x2560, deviceUDID: 192.168.78.101:5555, javascriptEnabled: true, locationContextEnabled: false, networkConnectionEnabled: true, pixelRatio: 3.5, platform: LINUX, platformName: Android, platformVersion: 6.0, statBarHeight: 84, takesScreenshot: true, viewportRect: {height: 2308, left: 0, top: 84, width: 1440}, warnings: {}, webStorageEnabled: false}
Session ID: ed043bf1-7fca-434d-9028-4ff399c864be
*** Element info: {Using=id, value=fragment_onboarding_skip_button}
	at WikiTests.testCompareArticleTitle(WikiTests.java:34)
</error>
    <system-err><![CDATA[мая 20, 2020 6:32:58 PM io.appium.java_client.remote.AppiumCommandExecutor$1 lambda$0
INFO: Detected dialect: W3C
]]></system-err>
  </testcase>
  <testcase name="testSwipeArticle" classname="WikiTests" time="47.28">
    <error message="Expected condition failed: Can not find and click skip element&#10; (tried for 20 second(s) with 500 milliseconds interval)" type="org.openqa.selenium.TimeoutException">org.openqa.selenium.TimeoutException: 
Expected condition failed: Can not find and click skip element
 (tried for 20 second(s) with 500 milliseconds interval)
	at WikiTests.testSwipeArticle(WikiTests.java:47)
Caused by: org.openqa.selenium.NoSuchElementException: 
An element could not be located on the page using the given search parameters.
For documentation on this error, please visit: https://www.seleniumhq.org/exceptions/no_such_element.html
Build info: version: '3.141.59', revision: 'e82be7d358', time: '2018-11-14T08:17:03'
System info: host: 'DESKTOP-DQI1TV8', ip: '10.0.97.109', os.name: 'Windows 10', os.arch: 'amd64', os.version: '10.0', java.version: '1.8.0_231'
Driver info: io.appium.java_client.android.AndroidDriver
Capabilities {app: C:\Users\pc.DESKTOP-DQI1TV8..., appActivity: .main.MainActivity, appPackage: org.wikipedia, automationName: Appium, databaseEnabled: false, desired: {app: C:\Users\pc.DESKTOP-DQI1TV8..., appActivity: .main.MainActivity, appPackage: org.wikipedia, automationName: Appium, deviceName: AndroidTestDevice, platformName: android, platformVersion: 6.0}, deviceApiLevel: 23, deviceManufacturer: Genymotion, deviceModel: Google, deviceName: 192.168.78.101:5555, deviceScreenDensity: 560, deviceScreenSize: 1440x2560, deviceUDID: 192.168.78.101:5555, javascriptEnabled: true, locationContextEnabled: false, networkConnectionEnabled: true, pixelRatio: 3.5, platform: LINUX, platformName: Android, platformVersion: 6.0, statBarHeight: 84, takesScreenshot: true, viewportRect: {height: 2308, left: 0, top: 84, width: 1440}, warnings: {}, webStorageEnabled: false}
Session ID: c97b409c-e653-45aa-b1fa-f5de810bcba7
*** Element info: {Using=id, value=fragment_onboarding_skip_button}
	at WikiTests.testSwipeArticle(WikiTests.java:47)
</error>
    <system-err><![CDATA[мая 20, 2020 6:33:45 PM io.appium.java_client.remote.AppiumCommandExecutor$1 lambda$0
INFO: Detected dialect: W3C
]]></system-err>
  </testcase>
</testsuite>